{"meta": {"format": 3, "version": "7.12.0", "timestamp": "2026-02-07T20:00:11.670918", "branch_coverage": false, "show_contexts": false}, "files": {"src/aareguru_mcp/__init__.py": {"executed_lines": [1, 8, 10, 12, 13, 14, 17, 33, 34, 35, 42, 44], "summary": {"covered_lines": 11, "num_statements": 11, "percent_covered": 100.0, "percent_covered_display": "100", "missing_lines": 0, "excluded_lines": 0, "percent_statements_covered": 100.0, "percent_statements_covered_display": "100"}, "missing_lines": [], "excluded_lines": [], "functions": {"": {"executed_lines": [1, 8, 10, 12, 13, 14, 17, 33, 34, 35, 42, 44], "summary": {"covered_lines": 11, "num_statements": 11, "percent_covered": 100.0, "percent_covered_display": "100", "missing_lines": 0, "excluded_lines": 0, "percent_statements_covered": 100.0, "percent_statements_covered_display": "100"}, "missing_lines": [], "excluded_lines": []}}, "classes": {"": {"executed_lines": [1, 8, 10, 12, 13, 14, 17, 33, 34, 35, 42, 44], "summary": {"covered_lines": 11, "num_statements": 11, "percent_covered": 100.0, "percent_covered_display": "100", "missing_lines": 0, "excluded_lines": 0, "percent_statements_covered": 100.0, "percent_statements_covered_display": "100"}, "missing_lines": [], "excluded_lines": []}}}, "src/aareguru_mcp/__main__.py": {"executed_lines": [], "summary": {"covered_lines": 0, "num_statements": 4, "percent_covered": 0.0, "percent_covered_display": "0", "missing_lines": 4, "excluded_lines": 0, "percent_statements_covered": 0.0, "percent_statements_covered_display": "0"}, "missing_lines": [7, 9, 11, 12], "excluded_lines": [], "functions": {"": {"executed_lines": [], "summary": {"covered_lines": 0, "num_statements": 4, "percent_covered": 0.0, "percent_covered_display": "0", "missing_lines": 4, "excluded_lines": 0, "percent_statements_covered": 0.0, "percent_statements_covered_display": "0"}, "missing_lines": [7, 9, 11, 12], "excluded_lines": []}}, "classes": {"": {"executed_lines": [], "summary": {"covered_lines": 0, "num_statements": 4, "percent_covered": 0.0, "percent_covered_display": "0", "missing_lines": 4, "excluded_lines": 0, "percent_statements_covered": 0.0, "percent_statements_covered_display": "0"}, "missing_lines": [7, 9, 11, 12], "excluded_lines": []}}}, "src/aareguru_mcp/client.py": {"executed_lines": [1, 3, 4, 5, 6, 8, 9, 10, 11, 13, 14, 16, 19, 20, 22, 23, 24, 26, 28, 30, 35, 40, 41, 51, 57, 58, 59, 60, 61, 64, 74, 77, 78, 80, 82, 84, 86, 88, 90, 92, 97, 108, 118, 120, 121, 123, 125, 126, 127, 128, 129, 134, 136, 138, 139, 141, 143, 144, 145, 146, 148, 153, 155, 175, 178, 179, 182, 183, 184, 185, 189, 192, 193, 195, 196, 197, 198, 201, 202, 204, 216, 226, 227, 229, 231, 232, 237, 250, 251, 252, 257, 270, 271, 272, 277, 286, 288, 307, 312], "summary": {"covered_lines": 96, "num_statements": 127, "percent_covered": 75.59055118110236, "percent_covered_display": "76", "missing_lines": 31, "excluded_lines": 0, "percent_statements_covered": 75.59055118110236, "percent_statements_covered_display": "76"}, "missing_lines": [32, 33, 37, 94, 95, 99, 110, 132, 133, 149, 150, 151, 186, 206, 207, 208, 209, 210, 211, 212, 213, 214, 233, 234, 235, 253, 254, 255, 273, 274, 275], "excluded_lines": [], "functions": {"CacheEntry.__init__": {"executed_lines": [23, 24], "summary": {"covered_lines": 2, "num_statements": 2, "percent_covered": 100.0, "percent_covered_display": "100", "missing_lines": 0, "excluded_lines": 0, "percent_statements_covered": 100.0, "percent_statements_covered_display": "100"}, "missing_lines": [], "excluded_lines": []}, "CacheEntry.is_expired": {"executed_lines": [28], "summary": {"covered_lines": 1, "num_statements": 1, "percent_covered": 100.0, "percent_covered_display": "100", "missing_lines": 0, "excluded_lines": 0, "percent_statements_covered": 100.0, "percent_statements_covered_display": "100"}, "missing_lines": [], "excluded_lines": []}, "CacheEntry.__str__": {"executed_lines": [], "summary": {"covered_lines": 0, "num_statements": 2, "percent_covered": 0.0, "percent_covered_display": "0", "missing_lines": 2, "excluded_lines": 0, "percent_statements_covered": 0.0, "percent_statements_covered_display": "0"}, "missing_lines": [32, 33], "excluded_lines": []}, "CacheEntry.__repr__": {"executed_lines": [], "summary": {"covered_lines": 0, "num_statements": 1, "percent_covered": 0.0, "percent_covered_display": "0", "missing_lines": 1, "excluded_lines": 0, "percent_statements_covered": 0.0, "percent_statements_covered_display": "0"}, "missing_lines": [37], "excluded_lines": []}, "AareguruClient.__init__": {"executed_lines": [57, 58, 59, 60, 61, 64, 74, 77, 78], "summary": {"covered_lines": 9, "num_statements": 9, "percent_covered": 100.0, "percent_covered_display": "100", "missing_lines": 0, "excluded_lines": 0, "percent_statements_covered": 100.0, "percent_statements_covered_display": "100"}, "missing_lines": [], "excluded_lines": []}, "AareguruClient.close": {"executed_lines": [82], "summary": {"covered_lines": 1, "num_statements": 1, "percent_covered": 100.0, "percent_covered_display": "100", "missing_lines": 0, "excluded_lines": 0, "percent_statements_covered": 100.0, "percent_statements_covered_display": "100"}, "missing_lines": [], "excluded_lines": []}, "AareguruClient.__aenter__": {"executed_lines": [86], "summary": {"covered_lines": 1, "num_statements": 1, "percent_covered": 100.0, "percent_covered_display": "100", "missing_lines": 0, "excluded_lines": 0, "percent_statements_covered": 100.0, "percent_statements_covered_display": "100"}, "missing_lines": [], "excluded_lines": []}, "AareguruClient.__aexit__": {"executed_lines": [90], "summary": {"covered_lines": 1, "num_statements": 1, "percent_covered": 100.0, "percent_covered_display": "100", "missing_lines": 0, "excluded_lines": 0, "percent_statements_covered": 100.0, "percent_statements_covered_display": "100"}, "missing_lines": [], "excluded_lines": []}, "AareguruClient.__str__": {"executed_lines": [], "summary": {"covered_lines": 0, "num_statements": 2, "percent_covered": 0.0, "percent_covered_display": "0", "missing_lines": 2, "excluded_lines": 0, "percent_statements_covered": 0.0, "percent_statements_covered_display": "0"}, "missing_lines": [94, 95], "excluded_lines": []}, "AareguruClient.__repr__": {"executed_lines": [], "summary": {"covered_lines": 0, "num_statements": 1, "percent_covered": 0.0, "percent_covered_display": "0", "missing_lines": 1, "excluded_lines": 0, "percent_statements_covered": 0.0, "percent_statements_covered_display": "0"}, "missing_lines": [99], "excluded_lines": []}, "AareguruClient.to_dict": {"executed_lines": [], "summary": {"covered_lines": 0, "num_statements": 1, "percent_covered": 0.0, "percent_covered_display": "0", "missing_lines": 1, "excluded_lines": 0, "percent_statements_covered": 0.0, "percent_statements_covered_display": "0"}, "missing_lines": [110], "excluded_lines": []}, "AareguruClient._get_cache_key": {"executed_lines": [120, 121], "summary": {"covered_lines": 2, "num_statements": 2, "percent_covered": 100.0, "percent_covered_display": "100", "missing_lines": 0, "excluded_lines": 0, "percent_statements_covered": 100.0, "percent_statements_covered_display": "100"}, "missing_lines": [], "excluded_lines": []}, "AareguruClient._get_cached": {"executed_lines": [125, 126, 127, 128, 129, 134], "summary": {"covered_lines": 6, "num_statements": 8, "percent_covered": 75.0, "percent_covered_display": "75", "missing_lines": 2, "excluded_lines": 0, "percent_statements_covered": 75.0, "percent_statements_covered_display": "75"}, "missing_lines": [132, 133], "excluded_lines": []}, "AareguruClient._set_cache": {"executed_lines": [138, 139], "summary": {"covered_lines": 2, "num_statements": 2, "percent_covered": 100.0, "percent_covered_display": "100", "missing_lines": 0, "excluded_lines": 0, "percent_statements_covered": 100.0, "percent_statements_covered_display": "100"}, "missing_lines": [], "excluded_lines": []}, "AareguruClient._rate_limit": {"executed_lines": [143, 144, 145, 146, 148, 153], "summary": {"covered_lines": 6, "num_statements": 9, "percent_covered": 66.66666666666667, "percent_covered_display": "67", "missing_lines": 3, "excluded_lines": 0, "percent_statements_covered": 66.66666666666667, "percent_statements_covered_display": "67"}, "missing_lines": [149, 150, 151], "excluded_lines": []}, "AareguruClient._request": {"executed_lines": [175, 178, 179, 182, 183, 184, 185, 189, 192, 193, 195, 196, 197, 198, 201, 202, 204], "summary": {"covered_lines": 17, "num_statements": 27, "percent_covered": 62.96296296296296, "percent_covered_display": "63", "missing_lines": 10, "excluded_lines": 0, "percent_statements_covered": 62.96296296296296, "percent_statements_covered_display": "63"}, "missing_lines": [186, 206, 207, 208, 209, 210, 211, 212, 213, 214], "excluded_lines": []}, "AareguruClient.get_cities": {"executed_lines": [226, 227, 229, 231, 232], "summary": {"covered_lines": 5, "num_statements": 8, "percent_covered": 62.5, "percent_covered_display": "62", "missing_lines": 3, "excluded_lines": 0, "percent_statements_covered": 62.5, "percent_statements_covered_display": "62"}, "missing_lines": [233, 234, 235], "excluded_lines": []}, "AareguruClient.get_today": {"executed_lines": [250, 251, 252], "summary": {"covered_lines": 3, "num_statements": 6, "percent_covered": 50.0, "percent_covered_display": "50", "missing_lines": 3, "excluded_lines": 0, "percent_statements_covered": 50.0, "percent_statements_covered_display": "50"}, "missing_lines": [253, 254, 255], "excluded_lines": []}, "AareguruClient.get_current": {"executed_lines": [270, 271, 272], "summary": {"covered_lines": 3, "num_statements": 6, "percent_covered": 50.0, "percent_covered_display": "50", "missing_lines": 3, "excluded_lines": 0, "percent_statements_covered": 50.0, "percent_statements_covered_display": "50"}, "missing_lines": [273, 274, 275], "excluded_lines": []}, "AareguruClient.get_widget": {"executed_lines": [286], "summary": {"covered_lines": 1, "num_statements": 1, "percent_covered": 100.0, "percent_covered_display": "100", "missing_lines": 0, "excluded_lines": 0, "percent_statements_covered": 100.0, "percent_statements_covered_display": "100"}, "missing_lines": [], "excluded_lines": []}, "AareguruClient.get_history": {"executed_lines": [307, 312], "summary": {"covered_lines": 2, "num_statements": 2, "percent_covered": 100.0, "percent_covered_display": "100", "missing_lines": 0, "excluded_lines": 0, "percent_statements_covered": 100.0, "percent_statements_covered_display": "100"}, "missing_lines": [], "excluded_lines": []}, "": {"executed_lines": [1, 3, 4, 5, 6, 8, 9, 10, 11, 13, 14, 16, 19, 20, 22, 26, 30, 35, 40, 41, 51, 80, 84, 88, 92, 97, 108, 118, 123, 136, 141, 155, 216, 237, 257, 277, 288], "summary": {"covered_lines": 34, "num_statements": 34, "percent_covered": 100.0, "percent_covered_display": "100", "missing_lines": 0, "excluded_lines": 0, "percent_statements_covered": 100.0, "percent_statements_covered_display": "100"}, "missing_lines": [], "excluded_lines": []}}, "classes": {"CacheEntry": {"executed_lines": [23, 24, 28], "summary": {"covered_lines": 3, "num_statements": 6, "percent_covered": 50.0, "percent_covered_display": "50", "missing_lines": 3, "excluded_lines": 0, "percent_statements_covered": 50.0, "percent_statements_covered_display": "50"}, "missing_lines": [32, 33, 37], "excluded_lines": []}, "AareguruClient": {"executed_lines": [57, 58, 59, 60, 61, 64, 74, 77, 78, 82, 86, 90, 120, 121, 125, 126, 127, 128, 129, 134, 138, 139, 143, 144, 145, 146, 148, 153, 175, 178, 179, 182, 183, 184, 185, 189, 192, 193, 195, 196, 197, 198, 201, 202, 204, 226, 227, 229, 231, 232, 250, 251, 252, 270, 271, 272, 286, 307, 312], "summary": {"covered_lines": 59, "num_statements": 87, "percent_covered": 67.816091954023, "percent_covered_display": "68", "missing_lines": 28, "excluded_lines": 0, "percent_statements_covered": 67.816091954023, "percent_statements_covered_display": "68"}, "missing_lines": [94, 95, 99, 110, 132, 133, 149, 150, 151, 186, 206, 207, 208, 209, 210, 211, 212, 213, 214, 233, 234, 235, 253, 254, 255, 273, 274, 275], "excluded_lines": []}, "": {"executed_lines": [1, 3, 4, 5, 6, 8, 9, 10, 11, 13, 14, 16, 19, 20, 22, 26, 30, 35, 40, 41, 51, 80, 84, 88, 92, 97, 108, 118, 123, 136, 141, 155, 216, 237, 257, 277, 288], "summary": {"covered_lines": 34, "num_statements": 34, "percent_covered": 100.0, "percent_covered_display": "100", "missing_lines": 0, "excluded_lines": 0, "percent_statements_covered": 100.0, "percent_statements_covered_display": "100"}, "missing_lines": [], "excluded_lines": []}}}, "src/aareguru_mcp/config.py": {"executed_lines": [1, 3, 4, 6, 7, 10, 11, 13, 21, 25, 29, 35, 42, 49, 53, 59, 64, 69, 76, 80, 86, 93, 97, 103, 109, 116, 121, 128, 129, 135], "summary": {"covered_lines": 28, "num_statements": 28, "percent_covered": 100.0, "percent_covered_display": "100", "missing_lines": 0, "excluded_lines": 0, "percent_statements_covered": 100.0, "percent_statements_covered_display": "100"}, "missing_lines": [], "excluded_lines": [], "functions": {"get_settings": {"executed_lines": [135], "summary": {"covered_lines": 1, "num_statements": 1, "percent_covered": 100.0, "percent_covered_display": "100", "missing_lines": 0, "excluded_lines": 0, "percent_statements_covered": 100.0, "percent_statements_covered_display": "100"}, "missing_lines": [], "excluded_lines": []}, "": {"executed_lines": [1, 3, 4, 6, 7, 10, 11, 13, 21, 25, 29, 35, 42, 49, 53, 59, 64, 69, 76, 80, 86, 93, 97, 103, 109, 116, 121, 128, 129], "summary": {"covered_lines": 27, "num_statements": 27, "percent_covered": 100.0, "percent_covered_display": "100", "missing_lines": 0, "excluded_lines": 0, "percent_statements_covered": 100.0, "percent_statements_covered_display": "100"}, "missing_lines": [], "excluded_lines": []}}, "classes": {"Settings": {"executed_lines": [], "summary": {"covered_lines": 0, "num_statements": 0, "percent_covered": 100.0, "percent_covered_display": "100", "missing_lines": 0, "excluded_lines": 0, "percent_statements_covered": 100.0, "percent_statements_covered_display": "100"}, "missing_lines": [], "excluded_lines": []}, "": {"executed_lines": [1, 3, 4, 6, 7, 10, 11, 13, 21, 25, 29, 35, 42, 49, 53, 59, 64, 69, 76, 80, 86, 93, 97, 103, 109, 116, 121, 128, 129, 135], "summary": {"covered_lines": 28, "num_statements": 28, "percent_covered": 100.0, "percent_covered_display": "100", "missing_lines": 0, "excluded_lines": 0, "percent_statements_covered": 100.0, "percent_statements_covered_display": "100"}, "missing_lines": [], "excluded_lines": []}}}, "src/aareguru_mcp/helpers.py": {"executed_lines": [1, 7, 9, 10, 13, 19, 21, 22, 26, 27, 28, 29, 31, 34, 44, 45, 47, 49, 50, 51, 52, 53, 54, 56, 59, 68, 69, 71, 80, 81, 82, 84, 87, 97, 100, 101, 102, 104, 105, 107, 108, 109, 110, 111, 114, 121, 124, 134, 135, 136, 137, 138, 139, 140, 141, 142, 143, 145, 149, 150, 151, 152, 153], "summary": {"covered_lines": 62, "num_statements": 66, "percent_covered": 93.93939393939394, "percent_covered_display": "94", "missing_lines": 4, "excluded_lines": 0, "percent_statements_covered": 93.93939393939394, "percent_statements_covered_display": "94"}, "missing_lines": [98, 115, 117, 119], "excluded_lines": [], "functions": {"get_seasonal_advice": {"executed_lines": [19, 21, 22, 26, 27, 28, 29, 31], "summary": {"covered_lines": 8, "num_statements": 8, "percent_covered": 100.0, "percent_covered_display": "100", "missing_lines": 0, "excluded_lines": 0, "percent_statements_covered": 100.0, "percent_statements_covered_display": "100"}, "missing_lines": [], "excluded_lines": []}, "check_safety_warning": {"executed_lines": [44, 45, 47, 49, 50, 51, 52, 53, 54, 56], "summary": {"covered_lines": 10, "num_statements": 10, "percent_covered": 100.0, "percent_covered_display": "100", "missing_lines": 0, "excluded_lines": 0, "percent_statements_covered": 100.0, "percent_statements_covered_display": "100"}, "missing_lines": [], "excluded_lines": []}, "get_swiss_german_explanation": {"executed_lines": [68, 69, 71, 80, 81, 82, 84], "summary": {"covered_lines": 7, "num_statements": 7, "percent_covered": 100.0, "percent_covered_display": "100", "missing_lines": 0, "excluded_lines": 0, "percent_statements_covered": 100.0, "percent_statements_covered_display": "100"}, "missing_lines": [], "excluded_lines": []}, "get_warmer_suggestion": {"executed_lines": [97, 100, 101, 102, 104, 105, 107, 108, 109, 110, 111, 114, 121], "summary": {"covered_lines": 13, "num_statements": 17, "percent_covered": 76.47058823529412, "percent_covered_display": "76", "missing_lines": 4, "excluded_lines": 0, "percent_statements_covered": 76.47058823529412, "percent_statements_covered_display": "76"}, "missing_lines": [98, 115, 117, 119], "excluded_lines": []}, "get_safety_assessment": {"executed_lines": [134, 135, 136, 137, 138, 139, 140, 141, 142, 143, 145], "summary": {"covered_lines": 11, "num_statements": 11, "percent_covered": 100.0, "percent_covered_display": "100", "missing_lines": 0, "excluded_lines": 0, "percent_statements_covered": 100.0, "percent_statements_covered_display": "100"}, "missing_lines": [], "excluded_lines": []}, "": {"executed_lines": [1, 7, 9, 10, 13, 34, 59, 87, 124, 149, 150, 151, 152, 153], "summary": {"covered_lines": 13, "num_statements": 13, "percent_covered": 100.0, "percent_covered_display": "100", "missing_lines": 0, "excluded_lines": 0, "percent_statements_covered": 100.0, "percent_statements_covered_display": "100"}, "missing_lines": [], "excluded_lines": []}}, "classes": {"": {"executed_lines": [1, 7, 9, 10, 13, 19, 21, 22, 26, 27, 28, 29, 31, 34, 44, 45, 47, 49, 50, 51, 52, 53, 54, 56, 59, 68, 69, 71, 80, 81, 82, 84, 87, 97, 100, 101, 102, 104, 105, 107, 108, 109, 110, 111, 114, 121, 124, 134, 135, 136, 137, 138, 139, 140, 141, 142, 143, 145, 149, 150, 151, 152, 153], "summary": {"covered_lines": 62, "num_statements": 66, "percent_covered": 93.93939393939394, "percent_covered_display": "94", "missing_lines": 4, "excluded_lines": 0, "percent_statements_covered": 93.93939393939394, "percent_statements_covered_display": "94"}, "missing_lines": [98, 115, 117, 119], "excluded_lines": []}}}, "src/aareguru_mcp/http_server.py": {"executed_lines": [], "summary": {"covered_lines": 0, "num_statements": 11, "percent_covered": 0.0, "percent_covered_display": "0", "missing_lines": 11, "excluded_lines": 0, "percent_statements_covered": 0.0, "percent_statements_covered_display": "0"}, "missing_lines": [7, 9, 10, 13, 16, 20, 23, 25, 33, 40, 41], "excluded_lines": [], "functions": {"main": {"executed_lines": [], "summary": {"covered_lines": 0, "num_statements": 2, "percent_covered": 0.0, "percent_covered_display": "0", "missing_lines": 2, "excluded_lines": 0, "percent_statements_covered": 0.0, "percent_statements_covered_display": "0"}, "missing_lines": [25, 33], "excluded_lines": []}, "": {"executed_lines": [], "summary": {"covered_lines": 0, "num_statements": 9, "percent_covered": 0.0, "percent_covered_display": "0", "missing_lines": 9, "excluded_lines": 0, "percent_statements_covered": 0.0, "percent_statements_covered_display": "0"}, "missing_lines": [7, 9, 10, 13, 16, 20, 23, 40, 41], "excluded_lines": []}}, "classes": {"": {"executed_lines": [], "summary": {"covered_lines": 0, "num_statements": 11, "percent_covered": 0.0, "percent_covered_display": "0", "missing_lines": 11, "excluded_lines": 0, "percent_statements_covered": 0.0, "percent_statements_covered_display": "0"}, "missing_lines": [7, 9, 10, 13, 16, 20, 23, 25, 33, 40, 41], "excluded_lines": []}}}, "src/aareguru_mcp/metrics.py": {"executed_lines": [1, 3, 4, 6, 9, 10, 13, 19, 25, 31, 37, 44, 51, 59, 64, 71, 72, 74, 75, 78, 79, 80, 81, 83, 84, 85, 86, 88, 89, 90, 92, 93, 95, 96, 98, 99, 101, 103, 104, 107, 108, 109, 110, 111, 113, 114, 115, 117, 119, 121, 122, 123, 125, 126, 130, 131, 133, 135, 137, 138, 141, 142, 143, 145, 146, 147, 149, 150, 151, 153, 154, 156, 157, 159, 161, 162, 165, 166, 167, 169, 170, 171, 173, 174, 175, 177, 178, 180, 181, 183], "summary": {"covered_lines": 88, "num_statements": 88, "percent_covered": 100.0, "percent_covered_display": "100", "missing_lines": 0, "excluded_lines": 0, "percent_statements_covered": 100.0, "percent_statements_covered_display": "100"}, "missing_lines": [], "excluded_lines": [], "functions": {"MetricsCollector.track_tool_call": {"executed_lines": [78, 79, 83, 88, 101], "summary": {"covered_lines": 5, "num_statements": 5, "percent_covered": 100.0, "percent_covered_display": "100", "missing_lines": 0, "excluded_lines": 0, "percent_statements_covered": 100.0, "percent_statements_covered_display": "100"}, "missing_lines": [], "excluded_lines": []}, "MetricsCollector.track_tool_call.ToolCallTracker.__init__": {"executed_lines": [80, 81], "summary": {"covered_lines": 2, "num_statements": 2, "percent_covered": 100.0, "percent_covered_display": "100", "missing_lines": 0, "excluded_lines": 0, "percent_statements_covered": 100.0, "percent_statements_covered_display": "100"}, "missing_lines": [], "excluded_lines": []}, "MetricsCollector.track_tool_call.ToolCallTracker.__enter__": {"executed_lines": [84, 85, 86], "summary": {"covered_lines": 3, "num_statements": 3, "percent_covered": 100.0, "percent_covered_display": "100", "missing_lines": 0, "excluded_lines": 0, "percent_statements_covered": 100.0, "percent_statements_covered_display": "100"}, "missing_lines": [], "excluded_lines": []}, "MetricsCollector.track_tool_call.ToolCallTracker.__exit__": {"executed_lines": [89, 90, 92, 93, 95, 96, 98, 99], "summary": {"covered_lines": 8, "num_statements": 8, "percent_covered": 100.0, "percent_covered_display": "100", "missing_lines": 0, "excluded_lines": 0, "percent_statements_covered": 100.0, "percent_statements_covered_display": "100"}, "missing_lines": [], "excluded_lines": []}, "MetricsCollector.track_api_request": {"executed_lines": [107, 108, 113, 117, 121, 135], "summary": {"covered_lines": 6, "num_statements": 6, "percent_covered": 100.0, "percent_covered_display": "100", "missing_lines": 0, "excluded_lines": 0, "percent_statements_covered": 100.0, "percent_statements_covered_display": "100"}, "missing_lines": [], "excluded_lines": []}, "MetricsCollector.track_api_request.APIRequestTracker.__init__": {"executed_lines": [109, 110, 111], "summary": {"covered_lines": 3, "num_statements": 3, "percent_covered": 100.0, "percent_covered_display": "100", "missing_lines": 0, "excluded_lines": 0, "percent_statements_covered": 100.0, "percent_statements_covered_display": "100"}, "missing_lines": [], "excluded_lines": []}, "MetricsCollector.track_api_request.APIRequestTracker.__enter__": {"executed_lines": [114, 115], "summary": {"covered_lines": 2, "num_statements": 2, "percent_covered": 100.0, "percent_covered_display": "100", "missing_lines": 0, "excluded_lines": 0, "percent_statements_covered": 100.0, "percent_statements_covered_display": "100"}, "missing_lines": [], "excluded_lines": []}, "MetricsCollector.track_api_request.APIRequestTracker.set_status": {"executed_lines": [119], "summary": {"covered_lines": 1, "num_statements": 1, "percent_covered": 100.0, "percent_covered_display": "100", "missing_lines": 0, "excluded_lines": 0, "percent_statements_covered": 100.0, "percent_statements_covered_display": "100"}, "missing_lines": [], "excluded_lines": []}, "MetricsCollector.track_api_request.APIRequestTracker.__exit__": {"executed_lines": [122, 123, 125, 126, 130, 131, 133], "summary": {"covered_lines": 7, "num_statements": 7, "percent_covered": 100.0, "percent_covered_display": "100", "missing_lines": 0, "excluded_lines": 0, "percent_statements_covered": 100.0, "percent_statements_covered_display": "100"}, "missing_lines": [], "excluded_lines": []}, "MetricsCollector.track_resource_request": {"executed_lines": [141, 142, 145, 149, 159], "summary": {"covered_lines": 5, "num_statements": 5, "percent_covered": 100.0, "percent_covered_display": "100", "missing_lines": 0, "excluded_lines": 0, "percent_statements_covered": 100.0, "percent_statements_covered_display": "100"}, "missing_lines": [], "excluded_lines": []}, "MetricsCollector.track_resource_request.ResourceRequestTracker.__init__": {"executed_lines": [143], "summary": {"covered_lines": 1, "num_statements": 1, "percent_covered": 100.0, "percent_covered_display": "100", "missing_lines": 0, "excluded_lines": 0, "percent_statements_covered": 100.0, "percent_statements_covered_display": "100"}, "missing_lines": [], "excluded_lines": []}, "MetricsCollector.track_resource_request.ResourceRequestTracker.__enter__": {"executed_lines": [146, 147], "summary": {"covered_lines": 2, "num_statements": 2, "percent_covered": 100.0, "percent_covered_display": "100", "missing_lines": 0, "excluded_lines": 0, "percent_statements_covered": 100.0, "percent_statements_covered_display": "100"}, "missing_lines": [], "excluded_lines": []}, "MetricsCollector.track_resource_request.ResourceRequestTracker.__exit__": {"executed_lines": [150, 151, 153, 154, 156, 157], "summary": {"covered_lines": 6, "num_statements": 6, "percent_covered": 100.0, "percent_covered_display": "100", "missing_lines": 0, "excluded_lines": 0, "percent_statements_covered": 100.0, "percent_statements_covered_display": "100"}, "missing_lines": [], "excluded_lines": []}, "MetricsCollector.track_prompt_request": {"executed_lines": [165, 166, 169, 173, 183], "summary": {"covered_lines": 5, "num_statements": 5, "percent_covered": 100.0, "percent_covered_display": "100", "missing_lines": 0, "excluded_lines": 0, "percent_statements_covered": 100.0, "percent_statements_covered_display": "100"}, "missing_lines": [], "excluded_lines": []}, "MetricsCollector.track_prompt_request.PromptRequestTracker.__init__": {"executed_lines": [167], "summary": {"covered_lines": 1, "num_statements": 1, "percent_covered": 100.0, "percent_covered_display": "100", "missing_lines": 0, "excluded_lines": 0, "percent_statements_covered": 100.0, "percent_statements_covered_display": "100"}, "missing_lines": [], "excluded_lines": []}, "MetricsCollector.track_prompt_request.PromptRequestTracker.__enter__": {"executed_lines": [170, 171], "summary": {"covered_lines": 2, "num_statements": 2, "percent_covered": 100.0, "percent_covered_display": "100", "missing_lines": 0, "excluded_lines": 0, "percent_statements_covered": 100.0, "percent_statements_covered_display": "100"}, "missing_lines": [], "excluded_lines": []}, "MetricsCollector.track_prompt_request.PromptRequestTracker.__exit__": {"executed_lines": [174, 175, 177, 178, 180, 181], "summary": {"covered_lines": 6, "num_statements": 6, "percent_covered": 100.0, "percent_covered_display": "100", "missing_lines": 0, "excluded_lines": 0, "percent_statements_covered": 100.0, "percent_statements_covered_display": "100"}, "missing_lines": [], "excluded_lines": []}, "": {"executed_lines": [1, 3, 4, 6, 9, 10, 13, 19, 25, 31, 37, 44, 51, 59, 64, 71, 72, 74, 75, 103, 104, 137, 138, 161, 162], "summary": {"covered_lines": 23, "num_statements": 23, "percent_covered": 100.0, "percent_covered_display": "100", "missing_lines": 0, "excluded_lines": 0, "percent_statements_covered": 100.0, "percent_statements_covered_display": "100"}, "missing_lines": [], "excluded_lines": []}}, "classes": {"MetricsCollector": {"executed_lines": [78, 79, 83, 88, 101, 107, 108, 113, 117, 121, 135, 141, 142, 145, 149, 159, 165, 166, 169, 173, 183], "summary": {"covered_lines": 21, "num_statements": 21, "percent_covered": 100.0, "percent_covered_display": "100", "missing_lines": 0, "excluded_lines": 0, "percent_statements_covered": 100.0, "percent_statements_covered_display": "100"}, "missing_lines": [], "excluded_lines": []}, "MetricsCollector.track_tool_call.ToolCallTracker": {"executed_lines": [80, 81, 84, 85, 86, 89, 90, 92, 93, 95, 96, 98, 99], "summary": {"covered_lines": 13, "num_statements": 13, "percent_covered": 100.0, "percent_covered_display": "100", "missing_lines": 0, "excluded_lines": 0, "percent_statements_covered": 100.0, "percent_statements_covered_display": "100"}, "missing_lines": [], "excluded_lines": []}, "MetricsCollector.track_api_request.APIRequestTracker": {"executed_lines": [109, 110, 111, 114, 115, 119, 122, 123, 125, 126, 130, 131, 133], "summary": {"covered_lines": 13, "num_statements": 13, "percent_covered": 100.0, "percent_covered_display": "100", "missing_lines": 0, "excluded_lines": 0, "percent_statements_covered": 100.0, "percent_statements_covered_display": "100"}, "missing_lines": [], "excluded_lines": []}, "MetricsCollector.track_resource_request.ResourceRequestTracker": {"executed_lines": [143, 146, 147, 150, 151, 153, 154, 156, 157], "summary": {"covered_lines": 9, "num_statements": 9, "percent_covered": 100.0, "percent_covered_display": "100", "missing_lines": 0, "excluded_lines": 0, "percent_statements_covered": 100.0, "percent_statements_covered_display": "100"}, "missing_lines": [], "excluded_lines": []}, "MetricsCollector.track_prompt_request.PromptRequestTracker": {"executed_lines": [167, 170, 171, 174, 175, 177, 178, 180, 181], "summary": {"covered_lines": 9, "num_statements": 9, "percent_covered": 100.0, "percent_covered_display": "100", "missing_lines": 0, "excluded_lines": 0, "percent_statements_covered": 100.0, "percent_statements_covered_display": "100"}, "missing_lines": [], "excluded_lines": []}, "": {"executed_lines": [1, 3, 4, 6, 9, 10, 13, 19, 25, 31, 37, 44, 51, 59, 64, 71, 72, 74, 75, 103, 104, 137, 138, 161, 162], "summary": {"covered_lines": 23, "num_statements": 23, "percent_covered": 100.0, "percent_covered_display": "100", "missing_lines": 0, "excluded_lines": 0, "percent_statements_covered": 100.0, "percent_statements_covered_display": "100"}, "missing_lines": [], "excluded_lines": []}}}, "src/aareguru_mcp/models.py": {"executed_lines": [1, 3, 4, 6, 9, 10, 12, 13, 14, 15, 16, 17, 18, 19, 20, 23, 24, 26, 27, 28, 29, 30, 31, 32, 33, 34, 35, 36, 37, 40, 41, 43, 44, 47, 48, 50, 51, 52, 53, 56, 57, 59, 60, 61, 62, 63, 66, 67, 69, 70, 73, 74, 76, 77, 78, 79, 80, 83, 84, 86, 87, 88, 89, 90, 91, 92, 93, 94, 95, 96, 97, 98, 99, 100, 101, 102, 103, 104, 106, 116, 117, 119, 120, 121, 122, 123, 125, 134, 135, 138, 139, 140, 141, 144, 145, 146, 148, 154, 155, 157, 158, 159, 160, 161, 162, 163, 164, 165, 166, 167, 168, 169, 170, 171, 173, 180, 183, 184, 186, 187, 188, 189, 192, 193, 195, 196, 197, 198, 206, 207, 209, 210, 211, 212, 215, 216, 217, 218, 219, 220, 221, 224, 225, 227, 228, 229, 230, 231, 232, 233, 234, 235, 236, 237, 238, 241, 242, 244, 245, 246, 247, 248, 251, 252, 254, 255, 256, 257, 260, 263, 264, 266, 267, 268, 269, 270, 271, 274, 275, 277, 278, 279, 282, 283, 285, 286, 287, 288, 289, 290, 293, 294], "summary": {"covered_lines": 171, "num_statements": 183, "percent_covered": 93.44262295081967, "percent_covered_display": "93", "missing_lines": 12, "excluded_lines": 0, "percent_statements_covered": 93.44262295081967, "percent_statements_covered_display": "93"}, "missing_lines": [108, 109, 110, 127, 128, 129, 130, 131, 150, 151, 175, 176], "excluded_lines": [], "functions": {"AareCurrentData.__str__": {"executed_lines": [], "summary": {"covered_lines": 0, "num_statements": 3, "percent_covered": 0.0, "percent_covered_display": "0", "missing_lines": 3, "excluded_lines": 0, "percent_statements_covered": 0.0, "percent_statements_covered_display": "0"}, "missing_lines": [108, 109, 110], "excluded_lines": []}, "CurrentResponse.__str__": {"executed_lines": [], "summary": {"covered_lines": 0, "num_statements": 5, "percent_covered": 0.0, "percent_covered_display": "0", "missing_lines": 5, "excluded_lines": 0, "percent_statements_covered": 0.0, "percent_statements_covered_display": "0"}, "missing_lines": [127, 128, 129, 130, 131], "excluded_lines": []}, "TodayResponse.__str__": {"executed_lines": [], "summary": {"covered_lines": 0, "num_statements": 2, "percent_covered": 0.0, "percent_covered_display": "0", "missing_lines": 2, "excluded_lines": 0, "percent_statements_covered": 0.0, "percent_statements_covered_display": "0"}, "missing_lines": [150, 151], "excluded_lines": []}, "CityListItem.__str__": {"executed_lines": [], "summary": {"covered_lines": 0, "num_statements": 2, "percent_covered": 0.0, "percent_covered_display": "0", "missing_lines": 2, "excluded_lines": 0, "percent_statements_covered": 0.0, "percent_statements_covered_display": "0"}, "missing_lines": [175, 176], "excluded_lines": []}, "": {"executed_lines": [1, 3, 4, 6, 9, 10, 12, 13, 14, 15, 16, 17, 18, 19, 20, 23, 24, 26, 27, 28, 29, 30, 31, 32, 33, 34, 35, 36, 37, 40, 41, 43, 44, 47, 48, 50, 51, 52, 53, 56, 57, 59, 60, 61, 62, 63, 66, 67, 69, 70, 73, 74, 76, 77, 78, 79, 80, 83, 84, 86, 87, 88, 89, 90, 91, 92, 93, 94, 95, 96, 97, 98, 99, 100, 101, 102, 103, 104, 106, 116, 117, 119, 120, 121, 122, 123, 125, 134, 135, 138, 139, 140, 141, 144, 145, 146, 148, 154, 155, 157, 158, 159, 160, 161, 162, 163, 164, 165, 166, 167, 168, 169, 170, 171, 173, 180, 183, 184, 186, 187, 188, 189, 192, 193, 195, 196, 197, 198, 206, 207, 209, 210, 211, 212, 215, 216, 217, 218, 219, 220, 221, 224, 225, 227, 228, 229, 230, 231, 232, 233, 234, 235, 236, 237, 238, 241, 242, 244, 245, 246, 247, 248, 251, 252, 254, 255, 256, 257, 260, 263, 264, 266, 267, 268, 269, 270, 271, 274, 275, 277, 278, 279, 282, 283, 285, 286, 287, 288, 289, 290, 293, 294], "summary": {"covered_lines": 171, "num_statements": 171, "percent_covered": 100.0, "percent_covered_display": "100", "missing_lines": 0, "excluded_lines": 0, "percent_statements_covered": 100.0, "percent_statements_covered_display": "100"}, "missing_lines": [], "excluded_lines": []}}, "classes": {"AareData": {"executed_lines": [], "summary": {"covered_lines": 0, "num_statements": 0, "percent_covered": 100.0, "percent_covered_display": "100", "missing_lines": 0, "excluded_lines": 0, "percent_statements_covered": 100.0, "percent_statements_covered_display": "100"}, "missing_lines": [], "excluded_lines": []}, "WeatherData": {"executed_lines": [], "summary": {"covered_lines": 0, "num_statements": 0, "percent_covered": 100.0, "percent_covered_display": "100", "missing_lines": 0, "excluded_lines": 0, "percent_statements_covered": 100.0, "percent_statements_covered_display": "100"}, "missing_lines": [], "excluded_lines": []}, "SunLocation": {"executed_lines": [], "summary": {"covered_lines": 0, "num_statements": 0, "percent_covered": 100.0, "percent_covered_display": "100", "missing_lines": 0, "excluded_lines": 0, "percent_statements_covered": 100.0, "percent_statements_covered_display": "100"}, "missing_lines": [], "excluded_lines": []}, "SunData": {"executed_lines": [], "summary": {"covered_lines": 0, "num_statements": 0, "percent_covered": 100.0, "percent_covered_display": "100", "missing_lines": 0, "excluded_lines": 0, "percent_statements_covered": 100.0, "percent_statements_covered_display": "100"}, "missing_lines": [], "excluded_lines": []}, "ForecastData": {"executed_lines": [], "summary": {"covered_lines": 0, "num_statements": 0, "percent_covered": 100.0, "percent_covered_display": "100", "missing_lines": 0, "excluded_lines": 0, "percent_statements_covered": 100.0, "percent_statements_covered_display": "100"}, "missing_lines": [], "excluded_lines": []}, "Position": {"executed_lines": [], "summary": {"covered_lines": 0, "num_statements": 0, "percent_covered": 100.0, "percent_covered_display": "100", "missing_lines": 0, "excluded_lines": 0, "percent_statements_covered": 100.0, "percent_statements_covered_display": "100"}, "missing_lines": [], "excluded_lines": []}, "CityInfo": {"executed_lines": [], "summary": {"covered_lines": 0, "num_statements": 0, "percent_covered": 100.0, "percent_covered_display": "100", "missing_lines": 0, "excluded_lines": 0, "percent_statements_covered": 100.0, "percent_statements_covered_display": "100"}, "missing_lines": [], "excluded_lines": []}, "AareCurrentData": {"executed_lines": [], "summary": {"covered_lines": 0, "num_statements": 3, "percent_covered": 0.0, "percent_covered_display": "0", "missing_lines": 3, "excluded_lines": 0, "percent_statements_covered": 0.0, "percent_statements_covered_display": "0"}, "missing_lines": [108, 109, 110], "excluded_lines": []}, "CurrentResponse": {"executed_lines": [], "summary": {"covered_lines": 0, "num_statements": 5, "percent_covered": 0.0, "percent_covered_display": "0", "missing_lines": 5, "excluded_lines": 0, "percent_statements_covered": 0.0, "percent_statements_covered_display": "0"}, "missing_lines": [127, 128, 129, 130, 131], "excluded_lines": []}, "TodayResponse": {"executed_lines": [], "summary": {"covered_lines": 0, "num_statements": 2, "percent_covered": 0.0, "percent_covered_display": "0", "missing_lines": 2, "excluded_lines": 0, "percent_statements_covered": 0.0, "percent_statements_covered_display": "0"}, "missing_lines": [150, 151], "excluded_lines": []}, "CityListItem": {"executed_lines": [], "summary": {"covered_lines": 0, "num_statements": 2, "percent_covered": 0.0, "percent_covered_display": "0", "missing_lines": 2, "excluded_lines": 0, "percent_statements_covered": 0.0, "percent_statements_covered_display": "0"}, "missing_lines": [175, 176], "excluded_lines": []}, "HistoricalDataPoint": {"executed_lines": [], "summary": {"covered_lines": 0, "num_statements": 0, "percent_covered": 100.0, "percent_covered_display": "100", "missing_lines": 0, "excluded_lines": 0, "percent_statements_covered": 100.0, "percent_statements_covered_display": "100"}, "missing_lines": [], "excluded_lines": []}, "HistoricalResponse": {"executed_lines": [], "summary": {"covered_lines": 0, "num_statements": 0, "percent_covered": 100.0, "percent_covered_display": "100", "missing_lines": 0, "excluded_lines": 0, "percent_statements_covered": 100.0, "percent_statements_covered_display": "100"}, "missing_lines": [], "excluded_lines": []}, "TemperatureToolResponse": {"executed_lines": [], "summary": {"covered_lines": 0, "num_statements": 0, "percent_covered": 100.0, "percent_covered_display": "100", "missing_lines": 0, "excluded_lines": 0, "percent_statements_covered": 100.0, "percent_statements_covered_display": "100"}, "missing_lines": [], "excluded_lines": []}, "AareConditionsData": {"executed_lines": [], "summary": {"covered_lines": 0, "num_statements": 0, "percent_covered": 100.0, "percent_covered_display": "100", "missing_lines": 0, "excluded_lines": 0, "percent_statements_covered": 100.0, "percent_statements_covered_display": "100"}, "missing_lines": [], "excluded_lines": []}, "ConditionsToolResponse": {"executed_lines": [], "summary": {"covered_lines": 0, "num_statements": 0, "percent_covered": 100.0, "percent_covered_display": "100", "missing_lines": 0, "excluded_lines": 0, "percent_statements_covered": 100.0, "percent_statements_covered_display": "100"}, "missing_lines": [], "excluded_lines": []}, "CityListResponse": {"executed_lines": [], "summary": {"covered_lines": 0, "num_statements": 0, "percent_covered": 100.0, "percent_covered_display": "100", "missing_lines": 0, "excluded_lines": 0, "percent_statements_covered": 100.0, "percent_statements_covered_display": "100"}, "missing_lines": [], "excluded_lines": []}, "FlowDangerResponse": {"executed_lines": [], "summary": {"covered_lines": 0, "num_statements": 0, "percent_covered": 100.0, "percent_covered_display": "100", "missing_lines": 0, "excluded_lines": 0, "percent_statements_covered": 100.0, "percent_statements_covered_display": "100"}, "missing_lines": [], "excluded_lines": []}, "CurrentConditionsData": {"executed_lines": [], "summary": {"covered_lines": 0, "num_statements": 0, "percent_covered": 100.0, "percent_covered_display": "100", "missing_lines": 0, "excluded_lines": 0, "percent_statements_covered": 100.0, "percent_statements_covered_display": "100"}, "missing_lines": [], "excluded_lines": []}, "ForecastToolResponse": {"executed_lines": [], "summary": {"covered_lines": 0, "num_statements": 0, "percent_covered": 100.0, "percent_covered_display": "100", "missing_lines": 0, "excluded_lines": 0, "percent_statements_covered": 100.0, "percent_statements_covered_display": "100"}, "missing_lines": [], "excluded_lines": []}, "": {"executed_lines": [1, 3, 4, 6, 9, 10, 12, 13, 14, 15, 16, 17, 18, 19, 20, 23, 24, 26, 27, 28, 29, 30, 31, 32, 33, 34, 35, 36, 37, 40, 41, 43, 44, 47, 48, 50, 51, 52, 53, 56, 57, 59, 60, 61, 62, 63, 66, 67, 69, 70, 73, 74, 76, 77, 78, 79, 80, 83, 84, 86, 87, 88, 89, 90, 91, 92, 93, 94, 95, 96, 97, 98, 99, 100, 101, 102, 103, 104, 106, 116, 117, 119, 120, 121, 122, 123, 125, 134, 135, 138, 139, 140, 141, 144, 145, 146, 148, 154, 155, 157, 158, 159, 160, 161, 162, 163, 164, 165, 166, 167, 168, 169, 170, 171, 173, 180, 183, 184, 186, 187, 188, 189, 192, 193, 195, 196, 197, 198, 206, 207, 209, 210, 211, 212, 215, 216, 217, 218, 219, 220, 221, 224, 225, 227, 228, 229, 230, 231, 232, 233, 234, 235, 236, 237, 238, 241, 242, 244, 245, 246, 247, 248, 251, 252, 254, 255, 256, 257, 260, 263, 264, 266, 267, 268, 269, 270, 271, 274, 275, 277, 278, 279, 282, 283, 285, 286, 287, 288, 289, 290, 293, 294], "summary": {"covered_lines": 171, "num_statements": 171, "percent_covered": 100.0, "percent_covered_display": "100", "missing_lines": 0, "excluded_lines": 0, "percent_statements_covered": 100.0, "percent_statements_covered_display": "100"}, "missing_lines": [], "excluded_lines": []}}}, "src/aareguru_mcp/rate_limit.py": {"executed_lines": [1, 3, 4, 5, 6, 7, 8, 10, 13, 20], "summary": {"covered_lines": 9, "num_statements": 11, "percent_covered": 81.81818181818181, "percent_covered_display": "82", "missing_lines": 2, "excluded_lines": 0, "percent_statements_covered": 81.81818181818181, "percent_statements_covered_display": "82"}, "missing_lines": [22, 28], "excluded_lines": [], "functions": {"rate_limit_exceeded_handler": {"executed_lines": [], "summary": {"covered_lines": 0, "num_statements": 2, "percent_covered": 0.0, "percent_covered_display": "0", "missing_lines": 2, "excluded_lines": 0, "percent_statements_covered": 0.0, "percent_statements_covered_display": "0"}, "missing_lines": [22, 28], "excluded_lines": []}, "": {"executed_lines": [1, 3, 4, 5, 6, 7, 8, 10, 13, 20], "summary": {"covered_lines": 9, "num_statements": 9, "percent_covered": 100.0, "percent_covered_display": "100", "missing_lines": 0, "excluded_lines": 0, "percent_statements_covered": 100.0, "percent_statements_covered_display": "100"}, "missing_lines": [], "excluded_lines": []}}, "classes": {"": {"executed_lines": [1, 3, 4, 5, 6, 7, 8, 10, 13, 20], "summary": {"covered_lines": 9, "num_statements": 11, "percent_covered": 81.81818181818181, "percent_covered_display": "82", "missing_lines": 2, "excluded_lines": 0, "percent_statements_covered": 81.81818181818181, "percent_statements_covered_display": "82"}, "missing_lines": [22, 28], "excluded_lines": []}}}, "src/aareguru_mcp/resources.py": {"executed_lines": [1, 7, 8, 10, 11, 13, 16, 22, 51, 64, 65, 68, 69, 71, 72, 74, 75, 77, 79, 80, 82, 84, 86, 87, 89, 91, 93, 94, 95, 97, 99, 100, 101, 104, 106, 107, 108], "summary": {"covered_lines": 36, "num_statements": 36, "percent_covered": 100.0, "percent_covered_display": "100", "missing_lines": 0, "excluded_lines": 0, "percent_statements_covered": 100.0, "percent_statements_covered_display": "100"}, "missing_lines": [], "excluded_lines": [], "functions": {"list_resources": {"executed_lines": [22], "summary": {"covered_lines": 1, "num_statements": 1, "percent_covered": 100.0, "percent_covered_display": "100", "missing_lines": 0, "excluded_lines": 0, "percent_statements_covered": 100.0, "percent_statements_covered_display": "100"}, "missing_lines": [], "excluded_lines": []}, "read_resource": {"executed_lines": [64, 65, 68, 69, 71, 72, 74, 75, 77, 79, 80, 82, 84, 86, 87, 89, 91, 93, 94, 95, 97, 99, 100, 101, 104, 106, 107, 108], "summary": {"covered_lines": 28, "num_statements": 28, "percent_covered": 100.0, "percent_covered_display": "100", "missing_lines": 0, "excluded_lines": 0, "percent_statements_covered": 100.0, "percent_statements_covered_display": "100"}, "missing_lines": [], "excluded_lines": []}, "": {"executed_lines": [1, 7, 8, 10, 11, 13, 16, 51], "summary": {"covered_lines": 7, "num_statements": 7, "percent_covered": 100.0, "percent_covered_display": "100", "missing_lines": 0, "excluded_lines": 0, "percent_statements_covered": 100.0, "percent_statements_covered_display": "100"}, "missing_lines": [], "excluded_lines": []}}, "classes": {"": {"executed_lines": [1, 7, 8, 10, 11, 13, 16, 22, 51, 64, 65, 68, 69, 71, 72, 74, 75, 77, 79, 80, 82, 84, 86, 87, 89, 91, 93, 94, 95, 97, 99, 100, 101, 104, 106, 107, 108], "summary": {"covered_lines": 36, "num_statements": 36, "percent_covered": 100.0, "percent_covered_display": "100", "missing_lines": 0, "excluded_lines": 0, "percent_statements_covered": 100.0, "percent_statements_covered_display": "100"}, "missing_lines": [], "excluded_lines": []}}}, "src/aareguru_mcp/server.py": {"executed_lines": [1, 7, 8, 9, 11, 12, 13, 14, 15, 17, 18, 19, 20, 21, 27, 30, 33, 39, 40, 43, 65, 75, 78, 82, 107, 144, 145, 165, 166, 184, 185, 208, 209, 222, 229, 244, 245, 260, 261, 263, 267, 285, 286, 298, 300, 323, 324, 353, 354, 355, 358, 359, 394, 397, 398, 400, 403, 404, 428, 431, 432, 461, 462, 465, 466, 489, 492, 493, 509, 517, 518, 519, 521, 530, 531, 533, 544, 549, 559, 561], "summary": {"covered_lines": 79, "num_statements": 115, "percent_covered": 68.69565217391305, "percent_covered_display": "69", "missing_lines": 36, "excluded_lines": 0, "percent_statements_covered": 68.69565217391305, "percent_statements_covered_display": "69"}, "missing_lines": [56, 57, 58, 59, 60, 62, 69, 70, 71, 72, 122, 124, 125, 126, 127, 128, 129, 130, 131, 133, 134, 136, 160, 161, 162, 179, 180, 181, 198, 199, 200, 262, 264, 546, 551, 562], "excluded_lines": [], "functions": {"get_http_client": {"executed_lines": [], "summary": {"covered_lines": 0, "num_statements": 6, "percent_covered": 0.0, "percent_covered_display": "0", "missing_lines": 6, "excluded_lines": 0, "percent_statements_covered": 0.0, "percent_statements_covered_display": "0"}, "missing_lines": [56, 57, 58, 59, 60, 62], "excluded_lines": []}, "close_http_client": {"executed_lines": [], "summary": {"covered_lines": 0, "num_statements": 4, "percent_covered": 0.0, "percent_covered_display": "0", "missing_lines": 4, "excluded_lines": 0, "percent_statements_covered": 0.0, "percent_statements_covered_display": "0"}, "missing_lines": [69, 70, 71, 72], "excluded_lines": []}, "_reset_http_client": {"executed_lines": [78], "summary": {"covered_lines": 1, "num_statements": 1, "percent_covered": 100.0, "percent_covered_display": "100", "missing_lines": 0, "excluded_lines": 0, "percent_statements_covered": 100.0, "percent_statements_covered_display": "100"}, "missing_lines": [], "excluded_lines": []}, "fetch_multiple_cities": {"executed_lines": [], "summary": {"covered_lines": 0, "num_statements": 5, "percent_covered": 0.0, "percent_covered_display": "0", "missing_lines": 5, "excluded_lines": 0, "percent_statements_covered": 0.0, "percent_statements_covered_display": "0"}, "missing_lines": [122, 124, 133, 134, 136], "excluded_lines": []}, "fetch_multiple_cities.fetch_with_limit": {"executed_lines": [], "summary": {"covered_lines": 0, "num_statements": 7, "percent_covered": 0.0, "percent_covered_display": "0", "missing_lines": 7, "excluded_lines": 0, "percent_statements_covered": 0.0, "percent_statements_covered_display": "0"}, "missing_lines": [125, 126, 127, 128, 129, 130, 131], "excluded_lines": []}, "get_cities_resource": {"executed_lines": [], "summary": {"covered_lines": 0, "num_statements": 3, "percent_covered": 0.0, "percent_covered_display": "0", "missing_lines": 3, "excluded_lines": 0, "percent_statements_covered": 0.0, "percent_statements_covered_display": "0"}, "missing_lines": [160, 161, 162], "excluded_lines": []}, "get_current_resource": {"executed_lines": [], "summary": {"covered_lines": 0, "num_statements": 3, "percent_covered": 0.0, "percent_covered_display": "0", "missing_lines": 3, "excluded_lines": 0, "percent_statements_covered": 0.0, "percent_statements_covered_display": "0"}, "missing_lines": [179, 180, 181], "excluded_lines": []}, "get_today_resource": {"executed_lines": [], "summary": {"covered_lines": 0, "num_statements": 3, "percent_covered": 0.0, "percent_covered_display": "0", "missing_lines": 3, "excluded_lines": 0, "percent_statements_covered": 0.0, "percent_statements_covered_display": "0"}, "missing_lines": [198, 199, 200], "excluded_lines": []}, "daily_swimming_report": {"executed_lines": [222, 229], "summary": {"covered_lines": 2, "num_statements": 2, "percent_covered": 100.0, "percent_covered_display": "100", "missing_lines": 0, "excluded_lines": 0, "percent_statements_covered": 100.0, "percent_statements_covered_display": "100"}, "missing_lines": [], "excluded_lines": []}, "compare_swimming_spots": {"executed_lines": [260, 261, 263, 267], "summary": {"covered_lines": 4, "num_statements": 6, "percent_covered": 66.66666666666667, "percent_covered_display": "67", "missing_lines": 2, "excluded_lines": 0, "percent_statements_covered": 66.66666666666667, "percent_statements_covered_display": "67"}, "missing_lines": [262, 264], "excluded_lines": []}, "weekly_trend_analysis": {"executed_lines": [298, 300], "summary": {"covered_lines": 2, "num_statements": 2, "percent_covered": 100.0, "percent_covered_display": "100", "missing_lines": 0, "excluded_lines": 0, "percent_statements_covered": 100.0, "percent_statements_covered_display": "100"}, "missing_lines": [], "excluded_lines": []}, "get_current_temperature": {"executed_lines": [353, 354, 355], "summary": {"covered_lines": 3, "num_statements": 3, "percent_covered": 100.0, "percent_covered_display": "100", "missing_lines": 0, "excluded_lines": 0, "percent_statements_covered": 100.0, "percent_statements_covered_display": "100"}, "missing_lines": [], "excluded_lines": []}, "get_current_conditions": {"executed_lines": [394, 397, 398, 400], "summary": {"covered_lines": 4, "num_statements": 4, "percent_covered": 100.0, "percent_covered_display": "100", "missing_lines": 0, "excluded_lines": 0, "percent_statements_covered": 100.0, "percent_statements_covered_display": "100"}, "missing_lines": [], "excluded_lines": []}, "get_historical_data": {"executed_lines": [428], "summary": {"covered_lines": 1, "num_statements": 1, "percent_covered": 100.0, "percent_covered_display": "100", "missing_lines": 0, "excluded_lines": 0, "percent_statements_covered": 100.0, "percent_statements_covered_display": "100"}, "missing_lines": [], "excluded_lines": []}, "get_flow_danger_level": {"executed_lines": [461, 462], "summary": {"covered_lines": 2, "num_statements": 2, "percent_covered": 100.0, "percent_covered_display": "100", "missing_lines": 0, "excluded_lines": 0, "percent_statements_covered": 100.0, "percent_statements_covered_display": "100"}, "missing_lines": [], "excluded_lines": []}, "compare_cities": {"executed_lines": [489], "summary": {"covered_lines": 1, "num_statements": 1, "percent_covered": 100.0, "percent_covered_display": "100", "missing_lines": 0, "excluded_lines": 0, "percent_statements_covered": 100.0, "percent_statements_covered_display": "100"}, "missing_lines": [], "excluded_lines": []}, "get_forecasts": {"executed_lines": [509], "summary": {"covered_lines": 1, "num_statements": 1, "percent_covered": 100.0, "percent_covered_display": "100", "missing_lines": 0, "excluded_lines": 0, "percent_statements_covered": 100.0, "percent_statements_covered_display": "100"}, "missing_lines": [], "excluded_lines": []}, "health_check": {"executed_lines": [521], "summary": {"covered_lines": 1, "num_statements": 1, "percent_covered": 100.0, "percent_covered_display": "100", "missing_lines": 0, "excluded_lines": 0, "percent_statements_covered": 100.0, "percent_statements_covered_display": "100"}, "missing_lines": [], "excluded_lines": []}, "metrics_endpoint": {"executed_lines": [533], "summary": {"covered_lines": 1, "num_statements": 1, "percent_covered": 100.0, "percent_covered_display": "100", "missing_lines": 0, "excluded_lines": 0, "percent_statements_covered": 100.0, "percent_statements_covered_display": "100"}, "missing_lines": [], "excluded_lines": []}, "entry_point": {"executed_lines": [], "summary": {"covered_lines": 0, "num_statements": 1, "percent_covered": 0.0, "percent_covered_display": "0", "missing_lines": 1, "excluded_lines": 0, "percent_statements_covered": 0.0, "percent_statements_covered_display": "0"}, "missing_lines": [546], "excluded_lines": []}, "run_http": {"executed_lines": [], "summary": {"covered_lines": 0, "num_statements": 1, "percent_covered": 0.0, "percent_covered_display": "0", "missing_lines": 1, "excluded_lines": 0, "percent_statements_covered": 0.0, "percent_statements_covered_display": "0"}, "missing_lines": [551], "excluded_lines": []}, "": {"executed_lines": [1, 7, 8, 9, 11, 12, 13, 14, 15, 17, 18, 19, 20, 21, 27, 30, 33, 39, 40, 43, 65, 75, 82, 107, 144, 145, 165, 166, 184, 185, 208, 209, 244, 245, 285, 286, 323, 324, 358, 359, 403, 404, 431, 432, 465, 466, 492, 493, 517, 518, 519, 530, 531, 544, 549, 559, 561], "summary": {"covered_lines": 56, "num_statements": 57, "percent_covered": 98.24561403508773, "percent_covered_display": "98", "missing_lines": 1, "excluded_lines": 0, "percent_statements_covered": 98.24561403508773, "percent_statements_covered_display": "98"}, "missing_lines": [562], "excluded_lines": []}}, "classes": {"": {"executed_lines": [1, 7, 8, 9, 11, 12, 13, 14, 15, 17, 18, 19, 20, 21, 27, 30, 33, 39, 40, 43, 65, 75, 78, 82, 107, 144, 145, 165, 166, 184, 185, 208, 209, 222, 229, 244, 245, 260, 261, 263, 267, 285, 286, 298, 300, 323, 324, 353, 354, 355, 358, 359, 394, 397, 398, 400, 403, 404, 428, 431, 432, 461, 462, 465, 466, 489, 492, 493, 509, 517, 518, 519, 521, 530, 531, 533, 544, 549, 559, 561], "summary": {"covered_lines": 79, "num_statements": 115, "percent_covered": 68.69565217391305, "percent_covered_display": "69", "missing_lines": 36, "excluded_lines": 0, "percent_statements_covered": 68.69565217391305, "percent_statements_covered_display": "69"}, "missing_lines": [56, 57, 58, 59, 60, 62, 69, 70, 71, 72, 122, 124, 125, 126, 127, 128, 129, 130, 131, 133, 134, 136, 160, 161, 162, 179, 180, 181, 198, 199, 200, 262, 264, 546, 551, 562], "excluded_lines": []}}}, "src/aareguru_mcp/tools.py": {"executed_lines": [1, 6, 8, 10, 11, 12, 19, 22, 47, 49, 51, 53, 55, 56, 57, 58, 60, 61, 62, 65, 66, 67, 68, 70, 86, 87, 88, 89, 91, 92, 93, 95, 98, 121, 123, 124, 127, 132, 134, 135, 137, 153, 156, 157, 160, 161, 163, 166, 202, 204, 205, 206, 209, 231, 233, 234, 236, 237, 239, 242, 243, 244, 249, 252, 253, 254, 257, 269, 271, 280, 312, 314, 315, 317, 318, 326, 327, 329, 332, 333, 334, 348, 358, 374, 376, 378, 379, 380, 381, 382, 384, 385, 387, 388, 389, 390, 391, 392, 394, 396, 406, 408, 409, 410, 411, 413], "summary": {"covered_lines": 105, "num_statements": 125, "percent_covered": 84.0, "percent_covered_display": "84", "missing_lines": 20, "excluded_lines": 0, "percent_statements_covered": 84.0, "percent_statements_covered_display": "84"}, "missing_lines": [245, 246, 247, 255, 330, 331, 335, 336, 337, 338, 339, 340, 341, 342, 343, 345, 346, 402, 403, 404], "excluded_lines": [], "functions": {"get_current_temperature": {"executed_lines": [47, 49, 51, 53, 55, 56, 57, 58, 60, 61, 62, 65, 66, 67, 68, 70, 86, 87, 88, 89, 91, 92, 93, 95], "summary": {"covered_lines": 24, "num_statements": 24, "percent_covered": 100.0, "percent_covered_display": "100", "missing_lines": 0, "excluded_lines": 0, "percent_statements_covered": 100.0, "percent_statements_covered_display": "100"}, "missing_lines": [], "excluded_lines": []}, "get_current_conditions": {"executed_lines": [121, 123, 124, 127, 132, 134, 135, 137, 153, 156, 157, 160, 161, 163], "summary": {"covered_lines": 14, "num_statements": 14, "percent_covered": 100.0, "percent_covered_display": "100", "missing_lines": 0, "excluded_lines": 0, "percent_statements_covered": 100.0, "percent_statements_covered_display": "100"}, "missing_lines": [], "excluded_lines": []}, "get_historical_data": {"executed_lines": [202, 204, 205, 206], "summary": {"covered_lines": 4, "num_statements": 4, "percent_covered": 100.0, "percent_covered_display": "100", "missing_lines": 0, "excluded_lines": 0, "percent_statements_covered": 100.0, "percent_statements_covered_display": "100"}, "missing_lines": [], "excluded_lines": []}, "compare_cities": {"executed_lines": [231, 233, 234, 236, 237, 239, 242, 249, 252, 253, 254, 257, 269, 271], "summary": {"covered_lines": 14, "num_statements": 15, "percent_covered": 93.33333333333333, "percent_covered_display": "93", "missing_lines": 1, "excluded_lines": 0, "percent_statements_covered": 93.33333333333333, "percent_statements_covered_display": "93"}, "missing_lines": [255], "excluded_lines": []}, "compare_cities.fetch_conditions": {"executed_lines": [243, 244], "summary": {"covered_lines": 2, "num_statements": 5, "percent_covered": 40.0, "percent_covered_display": "40", "missing_lines": 3, "excluded_lines": 0, "percent_statements_covered": 40.0, "percent_statements_covered_display": "40"}, "missing_lines": [245, 246, 247], "excluded_lines": []}, "get_flow_danger_level": {"executed_lines": [312, 314, 315, 317, 318, 326, 327, 329, 332, 333, 334, 348], "summary": {"covered_lines": 12, "num_statements": 25, "percent_covered": 48.0, "percent_covered_display": "48", "missing_lines": 13, "excluded_lines": 0, "percent_statements_covered": 48.0, "percent_statements_covered_display": "48"}, "missing_lines": [330, 331, 335, 336, 337, 338, 339, 340, 341, 342, 343, 345, 346], "excluded_lines": []}, "get_forecasts": {"executed_lines": [374, 376, 378, 406, 408, 409, 410, 411, 413], "summary": {"covered_lines": 9, "num_statements": 9, "percent_covered": 100.0, "percent_covered_display": "100", "missing_lines": 0, "excluded_lines": 0, "percent_statements_covered": 100.0, "percent_statements_covered_display": "100"}, "missing_lines": [], "excluded_lines": []}, "get_forecasts.fetch_forecast": {"executed_lines": [379, 380, 381, 382, 384, 385, 387, 388, 389, 390, 391, 392, 394, 396], "summary": {"covered_lines": 14, "num_statements": 17, "percent_covered": 82.3529411764706, "percent_covered_display": "82", "missing_lines": 3, "excluded_lines": 0, "percent_statements_covered": 82.3529411764706, "percent_statements_covered_display": "82"}, "missing_lines": [402, 403, 404], "excluded_lines": []}, "": {"executed_lines": [1, 6, 8, 10, 11, 12, 19, 22, 98, 166, 209, 280, 358], "summary": {"covered_lines": 12, "num_statements": 12, "percent_covered": 100.0, "percent_covered_display": "100", "missing_lines": 0, "excluded_lines": 0, "percent_statements_covered": 100.0, "percent_statements_covered_display": "100"}, "missing_lines": [], "excluded_lines": []}}, "classes": {"": {"executed_lines": [1, 6, 8, 10, 11, 12, 19, 22, 47, 49, 51, 53, 55, 56, 57, 58, 60, 61, 62, 65, 66, 67, 68, 70, 86, 87, 88, 89, 91, 92, 93, 95, 98, 121, 123, 124, 127, 132, 134, 135, 137, 153, 156, 157, 160, 161, 163, 166, 202, 204, 205, 206, 209, 231, 233, 234, 236, 237, 239, 242, 243, 244, 249, 252, 253, 254, 257, 269, 271, 280, 312, 314, 315, 317, 318, 326, 327, 329, 332, 333, 334, 348, 358, 374, 376, 378, 379, 380, 381, 382, 384, 385, 387, 388, 389, 390, 391, 392, 394, 396, 406, 408, 409, 410, 411, 413], "summary": {"covered_lines": 105, "num_statements": 125, "percent_covered": 84.0, "percent_covered_display": "84", "missing_lines": 20, "excluded_lines": 0, "percent_statements_covered": 84.0, "percent_statements_covered_display": "84"}, "missing_lines": [245, 246, 247, 255, 330, 331, 335, 336, 337, 338, 339, 340, 341, 342, 343, 345, 346, 402, 403, 404], "excluded_lines": []}}}}, "totals": {"covered_lines": 685, "num_statements": 805, "percent_covered": 85.09316770186335, "percent_covered_display": "85", "missing_lines": 120, "excluded_lines": 0, "percent_statements_covered": 85.09316770186335, "percent_statements_covered_display": "85"}}